This is pdfTeX, Version 3.141592653-2.6-1.40.22 (TeX Live 2022/dev/Debian) (preloaded format=pdflatex 2022.8.13)  17 SEP 2022 19:34
entering extended mode
 restricted \write18 enabled.
 file:line:error style messages enabled.
 %&-line parsing enabled.
**/afs/andrew.cmu.edu/usr7/lingxiz/private/15463/assgn1/report/a1.tex
(/afs/andrew.cmu.edu/usr7/lingxiz/private/15463/assgn1/report/a1.tex
LaTeX2e <2021-11-15> patch level 1
L3 programming layer <2022-01-21> (/usr/share/texlive/texmf-dist/tex/latex/base/report.cls
Document Class: report 2021/10/04 v1.4n Standard LaTeX document class
(/usr/share/texlive/texmf-dist/tex/latex/base/size10.clo
File: size10.clo 2021/10/04 v1.4n Standard LaTeX file (size option)
)
\c@part=\count185
\c@chapter=\count186
\c@section=\count187
\c@subsection=\count188
\c@subsubsection=\count189
\c@paragraph=\count190
\c@subparagraph=\count191
\c@figure=\count192
\c@table=\count193
\abovecaptionskip=\skip47
\belowcaptionskip=\skip48
\bibindent=\dimen138
) (/usr/share/texlive/texmf-dist/tex/latex/base/inputenc.sty
Package: inputenc 2021/02/14 v1.3d Input encoding file
\inpenc@prehook=\toks16
\inpenc@posthook=\toks17
) (/usr/share/texlive/texmf-dist/tex/latex/graphics/graphicx.sty
Package: graphicx 2021/09/16 v1.2d Enhanced LaTeX Graphics (DPC,SPQR)
 (/usr/share/texlive/texmf-dist/tex/latex/graphics/keyval.sty
Package: keyval 2014/10/28 v1.15 key=value parser (DPC)
\KV@toks@=\toks18
) (/usr/share/texlive/texmf-dist/tex/latex/graphics/graphics.sty
Package: graphics 2021/03/04 v1.4d Standard LaTeX Graphics (DPC,SPQR)
 (/usr/share/texlive/texmf-dist/tex/latex/graphics/trig.sty
Package: trig 2021/08/11 v1.11 sin cos tan (DPC)
) (/usr/share/texlive/texmf-dist/tex/latex/graphics-cfg/graphics.cfg
File: graphics.cfg 2016/06/04 v1.11 sample graphics configuration
)
Package graphics Info: Driver file: pdftex.def on input line 107.
 (/usr/share/texlive/texmf-dist/tex/latex/graphics-def/pdftex.def
File: pdftex.def 2020/10/05 v1.2a Graphics/color driver for pdftex
))
\Gin@req@height=\dimen139
\Gin@req@width=\dimen140
) (/usr/share/texlive/texmf-dist/tex/latex/l3backend/l3backend-pdftex.def
File: l3backend-pdftex.def 2022-01-12 L3 backend support: PDF output (pdfTeX)
\l__color_backend_stack_int=\count194
\l__pdf_internal_box=\box50
) (/afs/andrew.cmu.edu/usr7/lingxiz/private/15463/assgn1/report/a1.aux)
\openout1 = `a1.aux'.

LaTeX Font Info:    Checking defaults for OML/cmm/m/it on input line 9.
LaTeX Font Info:    ... okay on input line 9.
LaTeX Font Info:    Checking defaults for OMS/cmsy/m/n on input line 9.
LaTeX Font Info:    ... okay on input line 9.
LaTeX Font Info:    Checking defaults for OT1/cmr/m/n on input line 9.
LaTeX Font Info:    ... okay on input line 9.
LaTeX Font Info:    Checking defaults for T1/cmr/m/n on input line 9.
LaTeX Font Info:    ... okay on input line 9.
LaTeX Font Info:    Checking defaults for TS1/cmr/m/n on input line 9.
LaTeX Font Info:    ... okay on input line 9.
LaTeX Font Info:    Checking defaults for OMX/cmex/m/n on input line 9.
LaTeX Font Info:    ... okay on input line 9.
LaTeX Font Info:    Checking defaults for U/cmr/m/n on input line 9.
LaTeX Font Info:    ... okay on input line 9.
 (/usr/share/texlive/texmf-dist/tex/context/base/mkii/supp-pdf.mkii
[Loading MPS to PDF converter (version 2006.09.02).]
\scratchcounter=\count195
\scratchdimen=\dimen141
\scratchbox=\box51
\nofMPsegments=\count196
\nofMParguments=\count197
\everyMPshowfont=\toks19
\MPscratchCnt=\count198
\MPscratchDim=\dimen142
\MPnumerator=\count199
\makeMPintoPDFobject=\count266
\everyMPtoPDFconversion=\toks20
) (/usr/share/texlive/texmf-dist/tex/latex/epstopdf-pkg/epstopdf-base.sty
Package: epstopdf-base 2020-01-24 v2.11 Base part for package epstopdf
Package epstopdf-base Info: Redefining graphics rule for `.eps' on input line 485.
 (/usr/share/texlive/texmf-dist/tex/latex/latexconfig/epstopdf-sys.cfg
File: epstopdf-sys.cfg 2010/07/13 v1.3 Configuration of (r)epstopdf for TeX Live
))
LaTeX Font Info:    External font `cmex10' loaded for size
(Font)              <12> on input line 11.
LaTeX Font Info:    External font `cmex10' loaded for size
(Font)              <8> on input line 11.
LaTeX Font Info:    External font `cmex10' loaded for size
(Font)              <6> on input line 11.
 [1

{/var/lib/texmf/fonts/map/pdftex/updmap/pdftex.map}]
LaTeX Font Info:    External font `cmex10' loaded for size
(Font)              <7> on input line 17.
LaTeX Font Info:    External font `cmex10' loaded for size
(Font)              <5> on input line 17.
<../data/output_white_demosaic.png, id=8, 462.528pt x 346.896pt>
File: ../data/output_white_demosaic.png Graphic file (type png)
<use ../data/output_white_demosaic.png>
Package pdftex.def Info: ../data/output_white_demosaic.png  used on input line 36.
(pdftex.def)             Requested size: 161.88722pt x 121.4154pt.
<../data/output_white_correction.png, id=10, 462.528pt x 346.896pt>
File: ../data/output_white_correction.png Graphic file (type png)
<use ../data/output_white_correction.png>
Package pdftex.def Info: ../data/output_white_correction.png  used on input line 37.
(pdftex.def)             Requested size: 161.88722pt x 121.4154pt.
<../data/output_white_brightened.png, id=11, 462.528pt x 346.896pt>
File: ../data/output_white_brightened.png Graphic file (type png)
<use ../data/output_white_brightened.png>
Package pdftex.def Info: ../data/output_white_brightened.png  used on input line 38.
(pdftex.def)             Requested size: 161.88722pt x 121.4154pt.
<../data/output_white_gamma_correction.png, id=12, 462.528pt x 346.896pt>
File: ../data/output_white_gamma_correction.png Graphic file (type png)
<use ../data/output_white_gamma_correction.png>
Package pdftex.def Info: ../data/output_white_gamma_correction.png  used on input line 39.
(pdftex.def)             Requested size: 161.88722pt x 121.4154pt.
 [1 </afs/andrew.cmu.edu/usr7/lingxiz/private/15463/assgn1/report/../data/output_white_demosaic.png> </afs/andrew.cmu.edu/usr7/lingxiz/private/15463/assgn1/report/../data/output_white_correction.png> </afs/andrew.cmu.edu/usr7/lingxiz/private/15463/assgn1/report/../data/output_white_brightened.png> </afs/andrew.cmu.edu/usr7/lingxiz/private/15463/assgn1/report/../data/output_white_gamma_correction.png>]
<../data/output_grey_demosaic.png, id=25, 462.528pt x 346.896pt>
File: ../data/output_grey_demosaic.png Graphic file (type png)
<use ../data/output_grey_demosaic.png>
Package pdftex.def Info: ../data/output_grey_demosaic.png  used on input line 48.
(pdftex.def)             Requested size: 161.88722pt x 121.4154pt.
<../data/output_grey_correction.png, id=26, 462.528pt x 346.896pt>
File: ../data/output_grey_correction.png Graphic file (type png)
<use ../data/output_grey_correction.png>
Package pdftex.def Info: ../data/output_grey_correction.png  used on input line 49.
(pdftex.def)             Requested size: 161.88722pt x 121.4154pt.
<../data/output_grey_brightened.png, id=27, 462.528pt x 346.896pt>
File: ../data/output_grey_brightened.png Graphic file (type png)
<use ../data/output_grey_brightened.png>
Package pdftex.def Info: ../data/output_grey_brightened.png  used on input line 50.
(pdftex.def)             Requested size: 161.88722pt x 121.4154pt.
<../data/output_grey_gamma_correction.png, id=28, 462.528pt x 346.896pt>
File: ../data/output_grey_gamma_correction.png Graphic file (type png)
<use ../data/output_grey_gamma_correction.png>
Package pdftex.def Info: ../data/output_grey_gamma_correction.png  used on input line 51.
(pdftex.def)             Requested size: 161.88722pt x 121.4154pt.
 [2 </afs/andrew.cmu.edu/usr7/lingxiz/private/15463/assgn1/report/../data/output_grey_demosaic.png> </afs/andrew.cmu.edu/usr7/lingxiz/private/15463/assgn1/report/../data/output_grey_correction.png> </afs/andrew.cmu.edu/usr7/lingxiz/private/15463/assgn1/report/../data/output_grey_brightened.png> </afs/andrew.cmu.edu/usr7/lingxiz/private/15463/assgn1/report/../data/output_grey_gamma_correction.png>]
<../data/output_multiply_demosaic.png, id=36, 462.528pt x 346.896pt>
File: ../data/output_multiply_demosaic.png Graphic file (type png)
<use ../data/output_multiply_demosaic.png>
Package pdftex.def Info: ../data/output_multiply_demosaic.png  used on input line 59.
(pdftex.def)             Requested size: 161.88722pt x 121.4154pt.
<../data/output_multiply_correction.png, id=37, 462.528pt x 346.896pt>
File: ../data/output_multiply_correction.png Graphic file (type png)
<use ../data/output_multiply_correction.png>
Package pdftex.def Info: ../data/output_multiply_correction.png  used on input line 60.
(pdftex.def)             Requested size: 161.88722pt x 121.4154pt.
<../data/output_multiply_brightened.png, id=38, 462.528pt x 346.896pt>
File: ../data/output_multiply_brightened.png Graphic file (type png)
<use ../data/output_multiply_brightened.png>
Package pdftex.def Info: ../data/output_multiply_brightened.png  used on input line 61.
(pdftex.def)             Requested size: 161.88722pt x 121.4154pt.
<../data/output_multiply_gamma_correction.png, id=39, 462.528pt x 346.896pt>
File: ../data/output_multiply_gamma_correction.png Graphic file (type png)
<use ../data/output_multiply_gamma_correction.png>
Package pdftex.def Info: ../data/output_multiply_gamma_correction.png  used on input line 62.
(pdftex.def)             Requested size: 161.88722pt x 121.4154pt.
 [3 </afs/andrew.cmu.edu/usr7/lingxiz/private/15463/assgn1/report/../data/output_multiply_demosaic.png> </afs/andrew.cmu.edu/usr7/lingxiz/private/15463/assgn1/report/../data/output_multiply_correction.png> </afs/andrew.cmu.edu/usr7/lingxiz/private/15463/assgn1/report/../data/output_multiply_brightened.png> </afs/andrew.cmu.edu/usr7/lingxiz/private/15463/assgn1/report/../data/output_multiply_gamma_correction.png>]
Underfull \hbox (badness 10000) in paragraph at lines 81--84

 []

<../data/output_manual_demosaic.png, id=47, 462.528pt x 346.896pt>
File: ../data/output_manual_demosaic.png Graphic file (type png)
<use ../data/output_manual_demosaic.png>
Package pdftex.def Info: ../data/output_manual_demosaic.png  used on input line 92.
(pdftex.def)             Requested size: 161.88722pt x 121.4154pt.
<../data/output_manual_correction.png, id=48, 462.528pt x 346.896pt>
File: ../data/output_manual_correction.png Graphic file (type png)
<use ../data/output_manual_correction.png>
Package pdftex.def Info: ../data/output_manual_correction.png  used on input line 93.
(pdftex.def)             Requested size: 161.88722pt x 121.4154pt.
<../data/output_manual_brightened.png, id=49, 462.528pt x 346.896pt>
File: ../data/output_manual_brightened.png Graphic file (type png)
<use ../data/output_manual_brightened.png>
Package pdftex.def Info: ../data/output_manual_brightened.png  used on input line 94.
(pdftex.def)             Requested size: 161.88722pt x 121.4154pt.
<../data/output_manual_gamma_correction.png, id=50, 462.528pt x 346.896pt>
File: ../data/output_manual_gamma_correction.png Graphic file (type png)
<use ../data/output_manual_gamma_correction.png>
Package pdftex.def Info: ../data/output_manual_gamma_correction.png  used on input line 95.
(pdftex.def)             Requested size: 161.88722pt x 121.4154pt.
[4 </afs/andrew.cmu.edu/usr7/lingxiz/private/15463/assgn1/report/../data/output_manual_demosaic.png> </afs/andrew.cmu.edu/usr7/lingxiz/private/15463/assgn1/report/../data/output_manual_correction.png> </afs/andrew.cmu.edu/usr7/lingxiz/private/15463/assgn1/report/../data/output_manual_brightened.png> </afs/andrew.cmu.edu/usr7/lingxiz/private/15463/assgn1/report/../data/output_manual_gamma_correction.png>]
<../data/output_manual_stair_demosaic.png, id=58, 462.528pt x 346.896pt>
File: ../data/output_manual_stair_demosaic.png Graphic file (type png)
<use ../data/output_manual_stair_demosaic.png>
Package pdftex.def Info: ../data/output_manual_stair_demosaic.png  used on input line 103.
(pdftex.def)             Requested size: 161.88722pt x 121.4154pt.
<../data/output_manual_stair_correction.png, id=59, 462.528pt x 346.896pt>
File: ../data/output_manual_stair_correction.png Graphic file (type png)
<use ../data/output_manual_stair_correction.png>
Package pdftex.def Info: ../data/output_manual_stair_correction.png  used on input line 104.
(pdftex.def)             Requested size: 161.88722pt x 121.4154pt.
<../data/output_manual_stair_brightened.png, id=60, 462.528pt x 346.896pt>
File: ../data/output_manual_stair_brightened.png Graphic file (type png)
<use ../data/output_manual_stair_brightened.png>
Package pdftex.def Info: ../data/output_manual_stair_brightened.png  used on input line 105.
(pdftex.def)             Requested size: 161.88722pt x 121.4154pt.
<../data/output_manual_stair_gamma_correction.png, id=61, 462.528pt x 346.896pt>
File: ../data/output_manual_stair_gamma_correction.png Graphic file (type png)
<use ../data/output_manual_stair_gamma_correction.png>
Package pdftex.def Info: ../data/output_manual_stair_gamma_correction.png  used on input line 106.
(pdftex.def)             Requested size: 161.88722pt x 121.4154pt.
 [5 </afs/andrew.cmu.edu/usr7/lingxiz/private/15463/assgn1/report/../data/output_manual_stair_demosaic.png> </afs/andrew.cmu.edu/usr7/lingxiz/private/15463/assgn1/report/../data/output_manual_stair_correction.png> </afs/andrew.cmu.edu/usr7/lingxiz/private/15463/assgn1/report/../data/output_manual_stair_brightened.png> </afs/andrew.cmu.edu/usr7/lingxiz/private/15463/assgn1/report/../data/output_manual_stair_gamma_correction.png>]
Overfull \hbox (4.54314pt too wide) in paragraph at lines 111--115
\OT1/cmr/m/n/10 white stair from top left to bot-tom right : $\OML/cmm/m/it/10 white[] \OT1/cmr/m/n/10 = [(2723\OML/cmm/m/it/10 ; \OT1/cmr/m/n/10 3382)\OML/cmm/m/it/10 ; \OT1/cmr/m/n/10 (3396\OML/cmm/m/it/10 ; \OT1/cmr/m/n/10 3435)]$ 
 []


Underfull \hbox (badness 10000) in paragraph at lines 111--115

 []

<../data/campus.png, id=69, 6038.56pt x 4031.06pt>
File: ../data/campus.png Graphic file (type png)
<use ../data/campus.png>
Package pdftex.def Info: ../data/campus.png  used on input line 141.
(pdftex.def)             Requested size: 301.9457pt x 201.5648pt.
[6 </afs/andrew.cmu.edu/usr7/lingxiz/private/15463/assgn1/report/../data/campus.png>]
File: ../data/output_multiply_gamma_correction.png Graphic file (type png)
<use ../data/output_multiply_gamma_correction.png>
Package pdftex.def Info: ../data/output_multiply_gamma_correction.png  used on input line 148.
(pdftex.def)             Requested size: 323.76738pt x 242.82553pt.
 [7]
<../data/campus.jpg, id=77, 1445.4pt x 963.6pt>
File: ../data/campus.jpg Graphic file (type jpg)
<use ../data/campus.jpg>
Package pdftex.def Info: ../data/campus.jpg  used on input line 154.
(pdftex.def)             Requested size: 289.07487pt x 192.71658pt.
 [8 </afs/andrew.cmu.edu/usr7/lingxiz/private/15463/assgn1/report/../data/campus.jpg>]
<../data/box_front.png, id=81, 4047.12pt x 3035.34pt>
File: ../data/box_front.png Graphic file (type png)
<use ../data/box_front.png>
Package pdftex.def Info: ../data/box_front.png  used on input line 169.
(pdftex.def)             Requested size: 242.81673pt x 182.11253pt.
<../data/box_all.png, id=82, 2445.135pt x 1833.85126pt>
File: ../data/box_all.png Graphic file (type png)
<use ../data/box_all.png>
Package pdftex.def Info: ../data/box_all.png  used on input line 170.
(pdftex.def)             Requested size: 244.52782pt x 183.39586pt.
 [9 </afs/andrew.cmu.edu/usr7/lingxiz/private/15463/assgn1/report/../data/box_front.png> </afs/andrew.cmu.edu/usr7/lingxiz/private/15463/assgn1/report/../data/box_all.png>]
Underfull \hbox (badness 10000) in paragraph at lines 177--183

 []

<../data/set_1_l.jpg, id=86, 945.2916pt x 1025.2704pt>
File: ../data/set_1_l.jpg Graphic file (type jpg)
<use ../data/set_1_l.jpg>
Package pdftex.def Info: ../data/set_1_l.jpg  used on input line 205.
(pdftex.def)             Requested size: 189.05496pt x 205.05045pt.
<../data/set_1_m.jpg, id=87, 956.8548pt x 781.2387pt>
File: ../data/set_1_m.jpg Graphic file (type jpg)
<use ../data/set_1_m.jpg>
Package pdftex.def Info: ../data/set_1_m.jpg  used on input line 206.
(pdftex.def)             Requested size: 191.36757pt x 156.24496pt.
<../data/set_1_s.jpg, id=88, 941.4372pt x 910.602pt>
File: ../data/set_1_s.jpg Graphic file (type jpg)
<use ../data/set_1_s.jpg>
Package pdftex.def Info: ../data/set_1_s.jpg  used on input line 207.
(pdftex.def)             Requested size: 188.2841pt x 182.11717pt.

LaTeX Warning: Float too large for page by 19.91258pt on input line 209.

[10]
<../data/set_2_l.jpg, id=92, 955.1685pt x 1018.2843pt>
File: ../data/set_2_l.jpg Graphic file (type jpg)
<use ../data/set_2_l.jpg>
Package pdftex.def Info: ../data/set_2_l.jpg  used on input line 215.
(pdftex.def)             Requested size: 191.0303pt x 203.65324pt.
<../data/set_2_m.jpg, id=93, 963.3591pt x 1096.8177pt>
File: ../data/set_2_m.jpg Graphic file (type jpg)
<use ../data/set_2_m.jpg>
Package pdftex.def Info: ../data/set_2_m.jpg  used on input line 216.
(pdftex.def)             Requested size: 192.66841pt x 219.35965pt.
<../data/set_2_s.jpg, id=94, 963.6pt x 1099.4676pt>
File: ../data/set_2_s.jpg Graphic file (type jpg)
<use ../data/set_2_s.jpg>
Package pdftex.def Info: ../data/set_2_s.jpg  used on input line 217.
(pdftex.def)             Requested size: 192.71658pt x 219.88962pt.


LaTeX Warning: Float too large for page by 119.40251pt on input line 219.

<../data/set_3_l.jpg, id=95, 945.7734pt x 888.1983pt>
File: ../data/set_3_l.jpg Graphic file (type jpg)
<use ../data/set_3_l.jpg>
Package pdftex.def Info: ../data/set_3_l.jpg  used on input line 224.
(pdftex.def)             Requested size: 189.15132pt x 177.6365pt.
<../data/set_3_m.jpg, id=96, 963.6pt x 716.6775pt>
File: ../data/set_3_m.jpg Graphic file (type jpg)
<use ../data/set_3_m.jpg>
Package pdftex.def Info: ../data/set_3_m.jpg  used on input line 225.
(pdftex.def)             Requested size: 192.71658pt x 143.33296pt.
<../data/set_3_s.jpg, id=97, 963.3591pt x 775.2162pt>
File: ../data/set_3_s.jpg Graphic file (type jpg)
<use ../data/set_3_s.jpg>
Package pdftex.def Info: ../data/set_3_s.jpg  used on input line 226.
(pdftex.def)             Requested size: 192.66841pt x 155.04048pt.
[11] [12 </afs/andrew.cmu.edu/usr7/lingxiz/private/15463/assgn1/report/../data/set_1_l.jpg> </afs/andrew.cmu.edu/usr7/lingxiz/private/15463/assgn1/report/../data/set_1_m.jpg> </afs/andrew.cmu.edu/usr7/lingxiz/private/15463/assgn1/report/../data/set_1_s.jpg>] [13 </afs/andrew.cmu.edu/usr7/lingxiz/private/15463/assgn1/report/../data/set_2_l.jpg> </afs/andrew.cmu.edu/usr7/lingxiz/private/15463/assgn1/report/../data/set_2_m.jpg> </afs/andrew.cmu.edu/usr7/lingxiz/private/15463/assgn1/report/../data/set_2_s.jpg>] [14 </afs/andrew.cmu.edu/usr7/lingxiz/private/15463/assgn1/report/../data/set_3_l.jpg> </afs/andrew.cmu.edu/usr7/lingxiz/private/15463/assgn1/report/../data/set_3_m.jpg> </afs/andrew.cmu.edu/usr7/lingxiz/private/15463/assgn1/report/../data/set_3_s.jpg>] (/afs/andrew.cmu.edu/usr7/lingxiz/private/15463/assgn1/report/a1.aux) ) 
Here is how much of TeX's memory you used:
 1562 strings out of 478287
 29999 string characters out of 5849289
 313589 words of memory out of 5000000
 19757 multiletter control sequences out of 15000+600000
 473514 words of font info for 42 fonts, out of 8000000 for 9000
 1141 hyphenation exceptions out of 8191
 55i,7n,62p,243b,229s stack positions out of 5000i,500n,10000p,200000b,80000s
</usr/share/texlive/texmf-dist/fonts/type1/public/amsfonts/cm/cmbx10.pfb></usr/share/texlive/texmf-dist/fonts/type1/public/amsfonts/cm/cmbx12.pfb></usr/share/texlive/texmf-dist/fonts/type1/public/amsfonts/cm/cmmi10.pfb></usr/share/texlive/texmf-dist/fonts/type1/public/amsfonts/cm/cmmi7.pfb></usr/share/texlive/texmf-dist/fonts/type1/public/amsfonts/cm/cmr10.pfb></usr/share/texlive/texmf-dist/fonts/type1/public/amsfonts/cm/cmr12.pfb></usr/share/texlive/texmf-dist/fonts/type1/public/amsfonts/cm/cmr17.pfb></usr/share/texlive/texmf-dist/fonts/type1/public/amsfonts/cm/cmsy10.pfb>
Output written on /afs/andrew.cmu.edu/usr7/lingxiz/private/15463/assgn1/report/a1.pdf (15 pages, 96018186 bytes).
PDF statistics:
 147 PDF objects out of 1000 (max. 8388607)
 60 compressed objects within 1 object stream
 0 named destinations out of 1000 (max. 500000)
 166 words of extra memory for PDF output out of 10000 (max. 10000000)

